<?xml version="1.0" encoding="UTF-8"?>
<testsuite name="tests.WebQuizEngineTest" tests="1" skipped="0" failures="0" errors="0" timestamp="2020-09-12T17:30:03" hostname="WIN-SBPV9028NHC" time="7.433">
  <properties/>
  <testcase name="start" classname="tests.WebQuizEngineTest" time="7.433"/>
  <system-out><![CDATA[?[1;31m
Start test 1?[0m

  .   ____          _            __ _ _
 /\\ / ___'_ __ _ _(_)_ __  __ _ \ \ \ \
( ( )\___ | '_ | '_| | '_ \/ _` | \ \ \ \
 \\/  ___)| |_)| | | | | || (_| |  ) ) ) )
  '  |____| .__|_| |_|_| |_\__, | / / / /
 =========|_|==============|___/=/_/_/_/
 :: Spring Boot ::        (v2.2.2.RELEASE)

2020-09-12 20:30:05.607  INFO 204 --- [    Test worker] engine.WebQuizEngine                     : Starting WebQuizEngine on WIN-SBPV9028NHC with PID 204 (started by User in C:\Users\User\IdeaProjects\Web Quiz Engine\Web Quiz Engine\task)
2020-09-12 20:30:05.617  INFO 204 --- [    Test worker] engine.WebQuizEngine                     : No active profile set, falling back to default profiles: default
2020-09-12 20:30:08.560  INFO 204 --- [    Test worker] o.s.b.w.embedded.tomcat.TomcatWebServer  : Tomcat initialized with port(s): 8889 (http)
2020-09-12 20:30:08.581  INFO 204 --- [    Test worker] o.apache.catalina.core.StandardService   : Starting service [Tomcat]
2020-09-12 20:30:08.581  INFO 204 --- [    Test worker] org.apache.catalina.core.StandardEngine  : Starting Servlet engine: [Apache Tomcat/9.0.29]
2020-09-12 20:30:08.788  INFO 204 --- [    Test worker] o.a.c.c.C.[Tomcat].[localhost].[/]       : Initializing Spring embedded WebApplicationContext
2020-09-12 20:30:08.789  INFO 204 --- [    Test worker] o.s.web.context.ContextLoader            : Root WebApplicationContext: initialization completed in 3008 ms
2020-09-12 20:30:09.414  INFO 204 --- [    Test worker] o.s.s.concurrent.ThreadPoolTaskExecutor  : Initializing ExecutorService 'applicationTaskExecutor'
2020-09-12 20:30:09.831  INFO 204 --- [    Test worker] o.s.b.a.e.web.EndpointLinksResolver      : Exposing 14 endpoint(s) beneath base path '/actuator'
2020-09-12 20:30:09.938  INFO 204 --- [    Test worker] o.s.b.w.embedded.tomcat.TomcatWebServer  : Tomcat started on port(s): 8889 (http) with context path ''
2020-09-12 20:30:09.946  INFO 204 --- [    Test worker] engine.WebQuizEngine                     : Started WebQuizEngine in 5.68 seconds (JVM running for 8.034)
2020-09-12 20:30:10.478  INFO 204 --- [nio-8889-exec-1] o.a.c.c.C.[Tomcat].[localhost].[/]       : Initializing Spring DispatcherServlet 'dispatcherServlet'
2020-09-12 20:30:10.479  INFO 204 --- [nio-8889-exec-1] o.s.web.servlet.DispatcherServlet        : Initializing Servlet 'dispatcherServlet'
2020-09-12 20:30:10.491  INFO 204 --- [nio-8889-exec-1] o.s.web.servlet.DispatcherServlet        : Completed initialization in 12 ms
?[1;31m
Start test 2?[0m
?[1;31m
Start test 3?[0m
?[1;31m
Start test 4?[0m
?[1;31m
Start test 5?[0m
?[1;31m
Start test 6?[0m
?[1;31m
Start test 7?[0m
?[1;31m
Start test 8?[0m
?[1;31m
Start test 9?[0m
?[1;31m
Start test 10?[0m
?[1;31m
Start test 11?[0m
?[1;31m
Start test 12?[0m
?[1;31m
Start test 13?[0m
?[1;31m
Start test 14?[0m
?[1;31m
Start test 15?[0m
?[1;31m
Start test 16?[0m
?[1;31m
Start test 17?[0m
]]></system-out>
  <system-err><![CDATA[]]></system-err>
</testsuite>
